This is pdfTeX, Version 3.1415926-2.5-1.40.14 (TeX Live 2013/Debian) (format=pdflatex 2015.6.20)  4 OCT 2016 14:25
entering extended mode
 restricted \write18 enabled.
 %&-line parsing enabled.
**plumed_quick_ref.tex
(./plumed_quick_ref.tex
LaTeX2e <2011/06/27>
Babel <3.9h> and hyphenation patterns for 2 languages loaded.
(/usr/share/texlive/texmf-dist/tex/latex/base/article.cls
Document Class: article 2007/10/19 v1.4h Standard LaTeX document class
(/usr/share/texlive/texmf-dist/tex/latex/base/size12.clo
File: size12.clo 2007/10/19 v1.4h Standard LaTeX file (size option)
)
\c@part=\count79
\c@section=\count80
\c@subsection=\count81
\c@subsubsection=\count82
\c@paragraph=\count83
\c@subparagraph=\count84
\c@figure=\count85
\c@table=\count86
\abovecaptionskip=\skip41
\belowcaptionskip=\skip42
\bibindent=\dimen102
)
(/usr/share/texlive/texmf-dist/tex/latex/amsfonts/amssymb.sty
Package: amssymb 2013/01/14 v3.01 AMS font symbols

(/usr/share/texlive/texmf-dist/tex/latex/amsfonts/amsfonts.sty
Package: amsfonts 2013/01/14 v3.01 Basic AMSFonts support
\@emptytoks=\toks14
\symAMSa=\mathgroup4
\symAMSb=\mathgroup5
LaTeX Font Info:    Overwriting math alphabet `\mathfrak' in version `bold'
(Font)                  U/euf/m/n --> U/euf/b/n on input line 106.
))
(/usr/share/texlive/texmf-dist/tex/latex/graphics/graphicx.sty
Package: graphicx 1999/02/16 v1.0f Enhanced LaTeX Graphics (DPC,SPQR)

(/usr/share/texlive/texmf-dist/tex/latex/graphics/keyval.sty
Package: keyval 1999/03/16 v1.13 key=value parser (DPC)
\KV@toks@=\toks15
)
(/usr/share/texlive/texmf-dist/tex/latex/graphics/graphics.sty
Package: graphics 2009/02/05 v1.0o Standard LaTeX Graphics (DPC,SPQR)

(/usr/share/texlive/texmf-dist/tex/latex/graphics/trig.sty
Package: trig 1999/03/16 v1.09 sin cos tan (DPC)
)
(/usr/share/texlive/texmf-dist/tex/latex/latexconfig/graphics.cfg
File: graphics.cfg 2010/04/23 v1.9 graphics configuration of TeX Live
)
Package graphics Info: Driver file: pdftex.def on input line 91.

(/usr/share/texlive/texmf-dist/tex/latex/pdftex-def/pdftex.def
File: pdftex.def 2011/05/27 v0.06d Graphics/color for pdfTeX

(/usr/share/texlive/texmf-dist/tex/generic/oberdiek/infwarerr.sty
Package: infwarerr 2010/04/08 v1.3 Providing info/warning/error messages (HO)
)
(/usr/share/texlive/texmf-dist/tex/generic/oberdiek/ltxcmds.sty
Package: ltxcmds 2011/11/09 v1.22 LaTeX kernel commands for general use (HO)
)
\Gread@gobject=\count87
))
\Gin@req@height=\dimen103
\Gin@req@width=\dimen104
)
(/usr/share/texlive/texmf-dist/tex/latex/hyperref/hyperref.sty
Package: hyperref 2012/11/06 v6.83m Hypertext links for LaTeX

(/usr/share/texlive/texmf-dist/tex/generic/oberdiek/hobsub-hyperref.sty
Package: hobsub-hyperref 2012/05/28 v1.13 Bundle oberdiek, subset hyperref (HO)


(/usr/share/texlive/texmf-dist/tex/generic/oberdiek/hobsub-generic.sty
Package: hobsub-generic 2012/05/28 v1.13 Bundle oberdiek, subset generic (HO)
Package: hobsub 2012/05/28 v1.13 Construct package bundles (HO)
Package hobsub Info: Skipping package `infwarerr' (already loaded).
Package hobsub Info: Skipping package `ltxcmds' (already loaded).
Package: ifluatex 2010/03/01 v1.3 Provides the ifluatex switch (HO)
Package ifluatex Info: LuaTeX not detected.
Package: ifvtex 2010/03/01 v1.5 Detect VTeX and its facilities (HO)
Package ifvtex Info: VTeX not detected.
Package: intcalc 2007/09/27 v1.1 Expandable calculations with integers (HO)
Package: ifpdf 2011/01/30 v2.3 Provides the ifpdf switch (HO)
Package ifpdf Info: pdfTeX in PDF mode is detected.
Package: etexcmds 2011/02/16 v1.5 Avoid name clashes with e-TeX commands (HO)
Package etexcmds Info: Could not find \expanded.
(etexcmds)             That can mean that you are not using pdfTeX 1.50 or
(etexcmds)             that some package has redefined \expanded.
(etexcmds)             In the latter case, load this package earlier.
Package: kvsetkeys 2012/04/25 v1.16 Key value parser (HO)
Package: kvdefinekeys 2011/04/07 v1.3 Define keys (HO)
Package: pdftexcmds 2011/11/29 v0.20 Utility functions of pdfTeX for LuaTeX (HO
)
Package pdftexcmds Info: LuaTeX not detected.
Package pdftexcmds Info: \pdf@primitive is available.
Package pdftexcmds Info: \pdf@ifprimitive is available.
Package pdftexcmds Info: \pdfdraftmode found.
Package: pdfescape 2011/11/25 v1.13 Implements pdfTeX's escape features (HO)
Package: bigintcalc 2012/04/08 v1.3 Expandable calculations on big integers (HO
)
Package: bitset 2011/01/30 v1.1 Handle bit-vector datatype (HO)
Package: uniquecounter 2011/01/30 v1.2 Provide unlimited unique counter (HO)
)
Package hobsub Info: Skipping package `hobsub' (already loaded).
Package: letltxmacro 2010/09/02 v1.4 Let assignment for LaTeX macros (HO)
Package: hopatch 2012/05/28 v1.2 Wrapper for package hooks (HO)
Package: xcolor-patch 2011/01/30 xcolor patch
Package: atveryend 2011/06/30 v1.8 Hooks at the very end of document (HO)
Package atveryend Info: \enddocument detected (standard20110627).
Package: atbegshi 2011/10/05 v1.16 At begin shipout hook (HO)
Package: refcount 2011/10/16 v3.4 Data extraction from label references (HO)
Package: hycolor 2011/01/30 v1.7 Color options for hyperref/bookmark (HO)
)
(/usr/share/texlive/texmf-dist/tex/generic/ifxetex/ifxetex.sty
Package: ifxetex 2010/09/12 v0.6 Provides ifxetex conditional
)
(/usr/share/texlive/texmf-dist/tex/latex/oberdiek/auxhook.sty
Package: auxhook 2011/03/04 v1.3 Hooks for auxiliary files (HO)
)
(/usr/share/texlive/texmf-dist/tex/latex/oberdiek/kvoptions.sty
Package: kvoptions 2011/06/30 v3.11 Key value format for package options (HO)
)
\@linkdim=\dimen105
\Hy@linkcounter=\count88
\Hy@pagecounter=\count89

(/usr/share/texlive/texmf-dist/tex/latex/hyperref/pd1enc.def
File: pd1enc.def 2012/11/06 v6.83m Hyperref: PDFDocEncoding definition (HO)
)
\Hy@SavedSpaceFactor=\count90

(/usr/share/texlive/texmf-dist/tex/latex/latexconfig/hyperref.cfg
File: hyperref.cfg 2002/06/06 v1.2 hyperref configuration of TeXLive
)
Package hyperref Info: Hyper figures OFF on input line 4443.
Package hyperref Info: Link nesting OFF on input line 4448.
Package hyperref Info: Hyper index ON on input line 4451.
Package hyperref Info: Plain pages OFF on input line 4458.
Package hyperref Info: Backreferencing OFF on input line 4463.
Package hyperref Info: Implicit mode ON; LaTeX internals redefined.
Package hyperref Info: Bookmarks ON on input line 4688.
\c@Hy@tempcnt=\count91

(/usr/share/texlive/texmf-dist/tex/latex/url/url.sty
\Urlmuskip=\muskip10
Package: url 2013/09/16  ver 3.4  Verb mode for urls, etc.
)
LaTeX Info: Redefining \url on input line 5041.
\XeTeXLinkMargin=\dimen106
\Fld@menulength=\count92
\Field@Width=\dimen107
\Fld@charsize=\dimen108
Package hyperref Info: Hyper figures OFF on input line 6295.
Package hyperref Info: Link nesting OFF on input line 6300.
Package hyperref Info: Hyper index ON on input line 6303.
Package hyperref Info: backreferencing OFF on input line 6310.
Package hyperref Info: Link coloring OFF on input line 6315.
Package hyperref Info: Link coloring with OCG OFF on input line 6320.
Package hyperref Info: PDF/A mode OFF on input line 6325.
LaTeX Info: Redefining \ref on input line 6365.
LaTeX Info: Redefining \pageref on input line 6369.
\Hy@abspage=\count93
\c@Item=\count94
\c@Hfootnote=\count95
)

Package hyperref Message: Driver (autodetected): hpdftex.

(/usr/share/texlive/texmf-dist/tex/latex/hyperref/hpdftex.def
File: hpdftex.def 2012/11/06 v6.83m Hyperref driver for pdfTeX
\Fld@listcount=\count96
\c@bookmark@seq@number=\count97

(/usr/share/texlive/texmf-dist/tex/latex/oberdiek/rerunfilecheck.sty
Package: rerunfilecheck 2011/04/15 v1.7 Rerun checks for auxiliary files (HO)
Package uniquecounter Info: New unique counter `rerunfilecheck' on input line 2
82.
)
\Hy@SectionHShift=\skip43
)
(/usr/share/texlive/texmf-dist/tex/latex/amsmath/amsmath.sty
Package: amsmath 2013/01/14 v2.14 AMS math features
\@mathmargin=\skip44

For additional information on amsmath, use the `?' option.
(/usr/share/texlive/texmf-dist/tex/latex/amsmath/amstext.sty
Package: amstext 2000/06/29 v2.01

(/usr/share/texlive/texmf-dist/tex/latex/amsmath/amsgen.sty
File: amsgen.sty 1999/11/30 v2.0
\@emptytoks=\toks16
\ex@=\dimen109
))
(/usr/share/texlive/texmf-dist/tex/latex/amsmath/amsbsy.sty
Package: amsbsy 1999/11/29 v1.2d
\pmbraise@=\dimen110
)
(/usr/share/texlive/texmf-dist/tex/latex/amsmath/amsopn.sty
Package: amsopn 1999/12/14 v2.01 operator names
)
\inf@bad=\count98
LaTeX Info: Redefining \frac on input line 210.
\uproot@=\count99
\leftroot@=\count100
LaTeX Info: Redefining \overline on input line 306.
\classnum@=\count101
\DOTSCASE@=\count102
LaTeX Info: Redefining \ldots on input line 378.
LaTeX Info: Redefining \dots on input line 381.
LaTeX Info: Redefining \cdots on input line 466.
\Mathstrutbox@=\box26
\strutbox@=\box27
\big@size=\dimen111
LaTeX Font Info:    Redeclaring font encoding OML on input line 566.
LaTeX Font Info:    Redeclaring font encoding OMS on input line 567.
\macc@depth=\count103
\c@MaxMatrixCols=\count104
\dotsspace@=\muskip11
\c@parentequation=\count105
\dspbrk@lvl=\count106
\tag@help=\toks17
\row@=\count107
\column@=\count108
\maxfields@=\count109
\andhelp@=\toks18
\eqnshift@=\dimen112
\alignsep@=\dimen113
\tagshift@=\dimen114
\tagwidth@=\dimen115
\totwidth@=\dimen116
\lineht@=\dimen117
\@envbody=\toks19
\multlinegap=\skip45
\multlinetaggap=\skip46
\mathdisplay@stack=\toks20
LaTeX Info: Redefining \[ on input line 2665.
LaTeX Info: Redefining \] on input line 2666.
)
(./plumed_quick_ref.aux)
\openout1 = `plumed_quick_ref.aux'.

LaTeX Font Info:    Checking defaults for OML/cmm/m/it on input line 15.
LaTeX Font Info:    ... okay on input line 15.
LaTeX Font Info:    Checking defaults for T1/cmr/m/n on input line 15.
LaTeX Font Info:    ... okay on input line 15.
LaTeX Font Info:    Checking defaults for OT1/cmr/m/n on input line 15.
LaTeX Font Info:    ... okay on input line 15.
LaTeX Font Info:    Checking defaults for OMS/cmsy/m/n on input line 15.
LaTeX Font Info:    ... okay on input line 15.
LaTeX Font Info:    Checking defaults for OMX/cmex/m/n on input line 15.
LaTeX Font Info:    ... okay on input line 15.
LaTeX Font Info:    Checking defaults for U/cmr/m/n on input line 15.
LaTeX Font Info:    ... okay on input line 15.
LaTeX Font Info:    Checking defaults for PD1/pdf/m/n on input line 15.
LaTeX Font Info:    ... okay on input line 15.

(/usr/share/texlive/texmf-dist/tex/context/base/supp-pdf.mkii
[Loading MPS to PDF converter (version 2006.09.02).]
\scratchcounter=\count110
\scratchdimen=\dimen118
\scratchbox=\box28
\nofMPsegments=\count111
\nofMParguments=\count112
\everyMPshowfont=\toks21
\MPscratchCnt=\count113
\MPscratchDim=\dimen119
\MPnumerator=\count114
\makeMPintoPDFobject=\count115
\everyMPtoPDFconversion=\toks22
) (/usr/share/texlive/texmf-dist/tex/latex/oberdiek/epstopdf-base.sty
Package: epstopdf-base 2010/02/09 v2.5 Base part for package epstopdf

(/usr/share/texlive/texmf-dist/tex/latex/oberdiek/grfext.sty
Package: grfext 2010/08/19 v1.1 Manage graphics extensions (HO)
)
Package grfext Info: Graphics extension search list:
(grfext)             [.png,.pdf,.jpg,.mps,.jpeg,.jbig2,.jb2,.PNG,.PDF,.JPG,.JPE
G,.JBIG2,.JB2,.eps]
(grfext)             \AppendGraphicsExtensions on input line 452.

(/usr/share/texlive/texmf-dist/tex/latex/latexconfig/epstopdf-sys.cfg
File: epstopdf-sys.cfg 2010/07/13 v1.3 Configuration of (r)epstopdf for TeX Liv
e
))
\AtBeginShipoutBox=\box29
Package hyperref Info: Link coloring OFF on input line 15.

(/usr/share/texlive/texmf-dist/tex/latex/hyperref/nameref.sty
Package: nameref 2012/10/27 v2.43 Cross-referencing by name of section

(/usr/share/texlive/texmf-dist/tex/generic/oberdiek/gettitlestring.sty
Package: gettitlestring 2010/12/03 v1.4 Cleanup title references (HO)
)
\c@section@level=\count116
)
LaTeX Info: Redefining \ref on input line 15.
LaTeX Info: Redefining \pageref on input line 15.
LaTeX Info: Redefining \nameref on input line 15.

(./plumed_quick_ref.out) (./plumed_quick_ref.out)
\@outlinefile=\write3
\openout3 = `plumed_quick_ref.out'.

LaTeX Font Info:    Try loading font information for U+msa on input line 22.

(/usr/share/texlive/texmf-dist/tex/latex/amsfonts/umsa.fd
File: umsa.fd 2013/01/14 v3.01 AMS symbols A
)
LaTeX Font Info:    Try loading font information for U+msb on input line 22.

(/usr/share/texlive/texmf-dist/tex/latex/amsfonts/umsb.fd
File: umsb.fd 2013/01/14 v3.01 AMS symbols B
)
(./plumed_quick_ref.toc)
\tf@toc=\write4
\openout4 = `plumed_quick_ref.toc'.

 [1

{/var/lib/texmf/fonts/map/pdftex/updmap/pdftex.map}]
Underfull \hbox (badness 10000) in paragraph at lines 39--40

 []

LaTeX Font Info:    Font shape `OT1/cmtt/bx/n' in size <12> not available
(Font)              Font shape `OT1/cmtt/m/n' tried instead on input line 41.
LaTeX Font Info:    Try loading font information for OMS+cmr on input line 44.
(/usr/share/texlive/texmf-dist/tex/latex/base/omscmr.fd
File: omscmr.fd 1999/05/25 v2.5h Standard LaTeX font definitions
)
LaTeX Font Info:    Font shape `OMS/cmr/m/n' in size <12> not available
(Font)              Font shape `OMS/cmsy/m/n' tried instead on input line 44.
 [2] [3]
Underfull \hbox (badness 10000) in paragraph at lines 107--108

 []

LaTeX Font Info:    Font shape `OT1/cmtt/bx/n' in size <14.4> not available
(Font)              Font shape `OT1/cmtt/m/n' tried instead on input line 122.
[4]
Overfull \hbox (6.91164pt too wide) in paragraph at lines 149--150
\OT1/cmr/m/n/12 To run the meta-dy-nam-ics cal-cu-la-tions, you will need to pr
e-pare the in-put file \OT1/cmtt/m/n/12 plumed.dat
 []


Overfull \hbox (52.98253pt too wide) in paragraph at lines 204--204
[]\OT1/cmtt/m/n/12 sum_hills.x -file HILLS -out fes.dat -ndim 3 -ndw 1 2 -kt 0.
6 -ngrid 100 100 100[] 
 []

[5]
Overfull \hbox (9.7575pt too wide) in paragraph at lines 204--204
[]\OT1/cmtt/m/n/12 [-cutoff_s 6.25  ] (the hills are cutoff at 6.25 standard de
viations from[] 
 []


Overfull \hbox (28.28252pt too wide) in paragraph at lines 204--204
[]\OT1/cmtt/m/n/12 [-2pi x          ] ([0;2pi] periodicity on the x CV, if -fix
 is not used 2pi[] 
 []


Overfull \hbox (34.45752pt too wide) in paragraph at lines 204--204
[]\OT1/cmtt/m/n/12 [-pi x           ] ([-pi;pi] periodicity on the x CV, if -fi
x is not used 2pi[] 
 []


Overfull \hbox (59.15753pt too wide) in paragraph at lines 204--204
[]\OT1/cmtt/m/n/12 [-bias <biasfact>] (writing output the bias for a well tempe
red metadynamics run)[] 
 []

<./pic/sn2_reaction.pdf, id=131, 844.15375pt x 404.712pt>
File: ./pic/sn2_reaction.pdf Graphic file (type pdf)

<use ./pic/sn2_reaction.pdf>
Package pdftex.def Info: ./pic/sn2_reaction.pdf used on input line 214.
(pdftex.def)             Requested size: 441.01772pt x 211.43951pt.
 [6]
Overfull \hbox (2.78009pt too wide) in paragraph at lines 234--234
[]\OT1/cmr/bx/n/14.4 Metadynamics with Born-Oppenheimer molec-u-lar dy-nam-
 []

[7 <./pic/sn2_reaction.pdf>] [8] [9]
Overfull \hbox (15.93251pt too wide) in paragraph at lines 363--363
[]\OT1/cmtt/m/n/12 1-DISTANCE: (1st SET: 1 ATOMS), (2nd SET: 1 ATOMS);  PBC ON 
SIGMA 0.300000[] 
 []


Overfull \hbox (15.93251pt too wide) in paragraph at lines 363--363
[]\OT1/cmtt/m/n/12 2-DISTANCE: (1st SET: 1 ATOMS), (2nd SET: 1 ATOMS);  PBC ON 
SIGMA 0.300000[] 
 []


Overfull \hbox (34.45752pt too wide) in paragraph at lines 363--363
[]\OT1/cmtt/m/n/12 |-WALL ON COLVAR 1: UPPER LIMIT = 7.000000, KAPPA = 100.0000
00, EXPONENT = 4,[] 
 []


Overfull \hbox (34.45752pt too wide) in paragraph at lines 363--363
[]\OT1/cmtt/m/n/12 |-WALL ON COLVAR 1: LOWER LIMIT = 2.500000, KAPPA = 100.0000
00, EXPONENT = 4,[] 
 []


Overfull \hbox (34.45752pt too wide) in paragraph at lines 363--363
[]\OT1/cmtt/m/n/12 |-WALL ON COLVAR 2: UPPER LIMIT = 7.000000, KAPPA = 100.0000
00, EXPONENT = 4,[] 
 []


Overfull \hbox (34.45752pt too wide) in paragraph at lines 363--363
[]\OT1/cmtt/m/n/12 |-WALL ON COLVAR 2: LOWER LIMIT = 2.500000, KAPPA = 100.0000
00, EXPONENT = 4,[] 
 []


Overfull \hbox (40.63252pt too wide) in paragraph at lines 381--381
[]     \OT1/cmtt/m/n/12 0.000      3.470115309      5.828643634      0.00000000
0      0.000000000[] 
 []


Overfull \hbox (40.63252pt too wide) in paragraph at lines 381--381
[]    \OT1/cmtt/m/n/12 20.000      3.476912892      5.822800771      0.00000000
0      0.000000000[] 
 []


Overfull \hbox (40.63252pt too wide) in paragraph at lines 381--381
[]    \OT1/cmtt/m/n/12 40.000      3.483516729      5.817608411      0.00100000
0      0.000000000[] 
 []


Overfull \hbox (40.63252pt too wide) in paragraph at lines 381--381
[]    \OT1/cmtt/m/n/12 60.000      3.490411466      5.812574439      0.00099960
0      0.000000000[] 
 []


Overfull \hbox (40.63252pt too wide) in paragraph at lines 381--381
[]    \OT1/cmtt/m/n/12 80.000      3.498291622      5.807005696      0.00199817
0      0.000000000[] 
 []


Overfull \hbox (40.63252pt too wide) in paragraph at lines 381--381
[]   \OT1/cmtt/m/n/12 100.000      3.507739014      5.800326723      0.00199435
6      0.000000000[] 
 []

[10]
Missing character: There is no Õ in font cmr12!
 <./pic/sn2cv.pdf, id=235, 356.23087pt x 210.7875pt>
File: ./pic/sn2cv.pdf Graphic file (type pdf)
 <use ./pic/sn2cv.pdf>
Package pdftex.def Info: ./pic/sn2cv.pdf used on input line 387.
(pdftex.def)             Requested size: 441.01772pt x 260.96532pt.

<./pic/sn2cvs.pdf, id=236, 352.71774pt x 210.7875pt>
File: ./pic/sn2cvs.pdf Graphic file (type pdf)
 <use ./pic/sn2cvs.pdf>
Package pdftex.def Info: ./pic/sn2cvs.pdf used on input line 395.
(pdftex.def)             Requested size: 441.01772pt x 263.577pt.

Overfull \hbox (40.63252pt too wide) in paragraph at lines 416--416
[]    \OT1/cmtt/m/n/12 40.000      3.483516729      5.817608411      0.30000000
0      0.300000000[] 
 []


Overfull \hbox (40.63252pt too wide) in paragraph at lines 416--416
[]    \OT1/cmtt/m/n/12 80.000      3.498291622      5.807005696      0.30000000
0      0.300000000[] 
 []


Overfull \hbox (40.63252pt too wide) in paragraph at lines 416--416
[]   \OT1/cmtt/m/n/12 120.000      3.519061248      5.792237732      0.30000000
0      0.300000000[] 
 []


Overfull \hbox (40.63252pt too wide) in paragraph at lines 416--416
[]   \OT1/cmtt/m/n/12 160.000      3.547107311      5.772092610      0.30000000
0      0.300000000[] 
 []


Overfull \hbox (40.63252pt too wide) in paragraph at lines 416--416
[]   \OT1/cmtt/m/n/12 200.000      3.578429291      5.750272190      0.30000000
0      0.300000000[] 
 []

[11 <./pic/sn2cv.pdf>]
Overfull \hbox (40.63252pt too wide) in paragraph at lines 416--416
[]   \OT1/cmtt/m/n/12 240.000      3.606928115      5.732241302      0.30000000
0      0.300000000[] 
 []


Overfull \hbox (13.80449pt too wide) in paragraph at lines 430--431
[]\OT1/cmr/m/n/12 In or-der to restart a meta-dy-nam-ics run, the flag \OT1/cmt
t/m/n/12 RESTART \OT1/cmr/m/n/12 must be added to \OT1/cmtt/m/n/12 plumed.dat
 []

[12 <./pic/sn2cvs.pdf>] <./pic/sn2_fes.pdf, id=253, 346.4945pt x 152.36925pt>
File: ./pic/sn2_fes.pdf Graphic file (type pdf)

<use ./pic/sn2_fes.pdf>
Package pdftex.def Info: ./pic/sn2_fes.pdf used on input line 453.
(pdftex.def)             Requested size: 441.01772pt x 193.94852pt.
 [13 <./pic/sn2_fes.pdf>] [14]
<./pic/hh_fes.pdf, id=276, 350.10799pt x 210.7875pt>
File: ./pic/hh_fes.pdf Graphic file (type pdf)
 <use ./pic/hh_fes.pdf>
Package pdftex.def Info: ./pic/hh_fes.pdf used on input line 523.
(pdftex.def)             Requested size: 441.01772pt x 265.52933pt.

[15 <./pic/hh_fes.pdf>]
Underfull \hbox (badness 10000) in paragraph at lines 541--542
[]\OT1/cmr/m/n/12 User's Guide for \OT1/cmr/m/sc/12 Quan-tum ESPRESSO\OT1/cmr/m
/n/12 : \OT1/cmtt/m/n/12 espresso/Doc/\OT1/cmr/m/n/12 ;
 []

Package atveryend Info: Empty hook `BeforeClearDocument' on input line 553.
[16]
Package atveryend Info: Empty hook `AfterLastShipout' on input line 553.
 (./plumed_quick_ref.aux)
Package atveryend Info: Executing hook `AtVeryEndDocument' on input line 553.
Package atveryend Info: Executing hook `AtEndAfterFileList' on input line 553.
Package rerunfilecheck Info: File `plumed_quick_ref.out' has not changed.
(rerunfilecheck)             Checksum: E7F3F0526D38DAED2177284630659586;1052.
Package atveryend Info: Empty hook `AtVeryVeryEnd' on input line 553.
 ) 
Here is how much of TeX's memory you used:
 6078 strings out of 495028
 87221 string characters out of 6181497
 169560 words of memory out of 5000000
 9173 multiletter control sequences out of 15000+600000
 14507 words of font info for 56 fonts, out of 8000000 for 9000
 14 hyphenation exceptions out of 8191
 29i,7n,29p,1811b,442s stack positions out of 5000i,500n,10000p,200000b,80000s
</usr/share/texlive/texmf-dist/fonts/type1/public/amsfonts/cm/cmbx12.pfb></us
r/share/texlive/texmf-dist/fonts/type1/public/amsfonts/cm/cmcsc10.pfb></usr/sha
re/texlive/texmf-dist/fonts/type1/public/amsfonts/cm/cmex10.pfb></usr/share/tex
live/texmf-dist/fonts/type1/public/amsfonts/cm/cmmi12.pfb></usr/share/texlive/t
exmf-dist/fonts/type1/public/amsfonts/cm/cmmi6.pfb></usr/share/texlive/texmf-di
st/fonts/type1/public/amsfonts/cm/cmmi8.pfb></usr/share/texlive/texmf-dist/font
s/type1/public/amsfonts/cm/cmr12.pfb></usr/share/texlive/texmf-dist/fonts/type1
/public/amsfonts/cm/cmr17.pfb></usr/share/texlive/texmf-dist/fonts/type1/public
/amsfonts/cm/cmr8.pfb></usr/share/texlive/texmf-dist/fonts/type1/public/amsfont
s/cm/cmsy10.pfb></usr/share/texlive/texmf-dist/fonts/type1/public/amsfonts/cm/c
msy6.pfb></usr/share/texlive/texmf-dist/fonts/type1/public/amsfonts/cm/cmsy8.pf
b></usr/share/texlive/texmf-dist/fonts/type1/public/amsfonts/cm/cmti12.pfb></us
r/share/texlive/texmf-dist/fonts/type1/public/amsfonts/cm/cmtt12.pfb>
Output written on plumed_quick_ref.pdf (16 pages, 558631 bytes).
PDF statistics:
 352 PDF objects out of 1000 (max. 8388607)
 239 compressed objects within 3 object streams
 53 named destinations out of 1000 (max. 500000)
 138 words of extra memory for PDF output out of 10000 (max. 10000000)

