This is pdfTeX, Version 3.1415926-2.5-1.40.14 (TeX Live 2013/Debian) (format=pdflatex 2015.6.20)  4 OCT 2016 14:26
entering extended mode
 restricted \write18 enabled.
 %&-line parsing enabled.
**pseudo-gen.tex
(./pseudo-gen.tex
LaTeX2e <2011/06/27>
Babel <3.9h> and hyphenation patterns for 2 languages loaded.
(/usr/share/texlive/texmf-dist/tex/latex/base/article.cls
Document Class: article 2007/10/19 v1.4h Standard LaTeX document class
(/usr/share/texlive/texmf-dist/tex/latex/base/size12.clo
File: size12.clo 2007/10/19 v1.4h Standard LaTeX file (size option)
)
\c@part=\count79
\c@section=\count80
\c@subsection=\count81
\c@subsubsection=\count82
\c@paragraph=\count83
\c@subparagraph=\count84
\c@figure=\count85
\c@table=\count86
\abovecaptionskip=\skip41
\belowcaptionskip=\skip42
\bibindent=\dimen102
)
(/usr/share/texlive/texmf-dist/tex/latex/amsfonts/amssymb.sty
Package: amssymb 2013/01/14 v3.01 AMS font symbols

(/usr/share/texlive/texmf-dist/tex/latex/amsfonts/amsfonts.sty
Package: amsfonts 2013/01/14 v3.01 Basic AMSFonts support
\@emptytoks=\toks14
\symAMSa=\mathgroup4
\symAMSb=\mathgroup5
LaTeX Font Info:    Overwriting math alphabet `\mathfrak' in version `bold'
(Font)                  U/euf/m/n --> U/euf/b/n on input line 106.
))
(/usr/share/texlive/texmf-dist/tex/latex/graphics/graphicx.sty
Package: graphicx 1999/02/16 v1.0f Enhanced LaTeX Graphics (DPC,SPQR)

(/usr/share/texlive/texmf-dist/tex/latex/graphics/keyval.sty
Package: keyval 1999/03/16 v1.13 key=value parser (DPC)
\KV@toks@=\toks15
)
(/usr/share/texlive/texmf-dist/tex/latex/graphics/graphics.sty
Package: graphics 2009/02/05 v1.0o Standard LaTeX Graphics (DPC,SPQR)

(/usr/share/texlive/texmf-dist/tex/latex/graphics/trig.sty
Package: trig 1999/03/16 v1.09 sin cos tan (DPC)
)
(/usr/share/texlive/texmf-dist/tex/latex/latexconfig/graphics.cfg
File: graphics.cfg 2010/04/23 v1.9 graphics configuration of TeX Live
)
Package graphics Info: Driver file: pdftex.def on input line 91.

(/usr/share/texlive/texmf-dist/tex/latex/pdftex-def/pdftex.def
File: pdftex.def 2011/05/27 v0.06d Graphics/color for pdfTeX

(/usr/share/texlive/texmf-dist/tex/generic/oberdiek/infwarerr.sty
Package: infwarerr 2010/04/08 v1.3 Providing info/warning/error messages (HO)
)
(/usr/share/texlive/texmf-dist/tex/generic/oberdiek/ltxcmds.sty
Package: ltxcmds 2011/11/09 v1.22 LaTeX kernel commands for general use (HO)
)
\Gread@gobject=\count87
))
\Gin@req@height=\dimen103
\Gin@req@width=\dimen104
)
(./pseudo-gen.aux)
\openout1 = `pseudo-gen.aux'.

LaTeX Font Info:    Checking defaults for OML/cmm/m/it on input line 12.
LaTeX Font Info:    ... okay on input line 12.
LaTeX Font Info:    Checking defaults for T1/cmr/m/n on input line 12.
LaTeX Font Info:    ... okay on input line 12.
LaTeX Font Info:    Checking defaults for OT1/cmr/m/n on input line 12.
LaTeX Font Info:    ... okay on input line 12.
LaTeX Font Info:    Checking defaults for OMS/cmsy/m/n on input line 12.
LaTeX Font Info:    ... okay on input line 12.
LaTeX Font Info:    Checking defaults for OMX/cmex/m/n on input line 12.
LaTeX Font Info:    ... okay on input line 12.
LaTeX Font Info:    Checking defaults for U/cmr/m/n on input line 12.
LaTeX Font Info:    ... okay on input line 12.

(/usr/share/texlive/texmf-dist/tex/context/base/supp-pdf.mkii
[Loading MPS to PDF converter (version 2006.09.02).]
\scratchcounter=\count88
\scratchdimen=\dimen105
\scratchbox=\box26
\nofMPsegments=\count89
\nofMParguments=\count90
\everyMPshowfont=\toks16
\MPscratchCnt=\count91
\MPscratchDim=\dimen106
\MPnumerator=\count92
\makeMPintoPDFobject=\count93
\everyMPtoPDFconversion=\toks17
) (/usr/share/texlive/texmf-dist/tex/generic/oberdiek/pdftexcmds.sty
Package: pdftexcmds 2011/11/29 v0.20 Utility functions of pdfTeX for LuaTeX (HO
)

(/usr/share/texlive/texmf-dist/tex/generic/oberdiek/ifluatex.sty
Package: ifluatex 2010/03/01 v1.3 Provides the ifluatex switch (HO)
Package ifluatex Info: LuaTeX not detected.
)
(/usr/share/texlive/texmf-dist/tex/generic/oberdiek/ifpdf.sty
Package: ifpdf 2011/01/30 v2.3 Provides the ifpdf switch (HO)
Package ifpdf Info: pdfTeX in PDF mode is detected.
)
Package pdftexcmds Info: LuaTeX not detected.
Package pdftexcmds Info: \pdf@primitive is available.
Package pdftexcmds Info: \pdf@ifprimitive is available.
Package pdftexcmds Info: \pdfdraftmode found.
)
(/usr/share/texlive/texmf-dist/tex/latex/oberdiek/epstopdf-base.sty
Package: epstopdf-base 2010/02/09 v2.5 Base part for package epstopdf

(/usr/share/texlive/texmf-dist/tex/latex/oberdiek/grfext.sty
Package: grfext 2010/08/19 v1.1 Manage graphics extensions (HO)

(/usr/share/texlive/texmf-dist/tex/generic/oberdiek/kvdefinekeys.sty
Package: kvdefinekeys 2011/04/07 v1.3 Define keys (HO)
))
(/usr/share/texlive/texmf-dist/tex/latex/oberdiek/kvoptions.sty
Package: kvoptions 2011/06/30 v3.11 Key value format for package options (HO)

(/usr/share/texlive/texmf-dist/tex/generic/oberdiek/kvsetkeys.sty
Package: kvsetkeys 2012/04/25 v1.16 Key value parser (HO)

(/usr/share/texlive/texmf-dist/tex/generic/oberdiek/etexcmds.sty
Package: etexcmds 2011/02/16 v1.5 Avoid name clashes with e-TeX commands (HO)
Package etexcmds Info: Could not find \expanded.
(etexcmds)             That can mean that you are not using pdfTeX 1.50 or
(etexcmds)             that some package has redefined \expanded.
(etexcmds)             In the latter case, load this package earlier.
)))
Package grfext Info: Graphics extension search list:
(grfext)             [.png,.pdf,.jpg,.mps,.jpeg,.jbig2,.jb2,.PNG,.PDF,.JPG,.JPE
G,.JBIG2,.JB2,.eps]
(grfext)             \AppendGraphicsExtensions on input line 452.

(/usr/share/texlive/texmf-dist/tex/latex/latexconfig/epstopdf-sys.cfg
File: epstopdf-sys.cfg 2010/07/13 v1.3 Configuration of (r)epstopdf for TeX Liv
e
))
LaTeX Font Info:    Try loading font information for U+msa on input line 17.

(/usr/share/texlive/texmf-dist/tex/latex/amsfonts/umsa.fd
File: umsa.fd 2013/01/14 v3.01 AMS symbols A
)
LaTeX Font Info:    Try loading font information for U+msb on input line 17.

(/usr/share/texlive/texmf-dist/tex/latex/amsfonts/umsb.fd
File: umsb.fd 2013/01/14 v3.01 AMS symbols B
) (./pseudo-gen.toc)
\tf@toc=\write3
\openout3 = `pseudo-gen.toc'.


[1

{/var/lib/texmf/fonts/map/pdftex/updmap/pdftex.map}]
Overfull \hbox (78.32544pt too wide) in paragraph at lines 35--48
\OT1/cmr/m/n/12 pack-age, in-cluded in the \OT1/cmr/m/sc/12 Quan-tum ESPRESSO \
OT1/cmr/m/n/12 dis-tri-bu-tion (\OT1/cmtt/m/n/12 http://www.quantum-espresso.or
g\OT1/cmr/m/n/12 ).
 []

LaTeX Font Info:    Try loading font information for OMS+cmr on input line 81.
(/usr/share/texlive/texmf-dist/tex/latex/base/omscmr.fd
File: omscmr.fd 1999/05/25 v2.5h Standard LaTeX font definitions
)
LaTeX Font Info:    Font shape `OMS/cmr/m/n' in size <12> not available
(Font)              Font shape `OMS/cmsy/m/n' tried instead on input line 81.
 [2] [3] [4] [5]
[6] [7] [8] [9] [10]
Overfull \hbox (9.7575pt too wide) in paragraph at lines 619--619
[]\OT1/cmtt/m/n/12 s(3S/3S) =  1.000000  <r> =   1.0069  <r2> =    1.1699  r(ma
x) =   0.8702[] 
 []


Overfull \hbox (9.7575pt too wide) in paragraph at lines 619--619
[]\OT1/cmtt/m/n/12 s(3P/3P) =  1.000000  <r> =   1.0860  <r2> =    1.3907  r(ma
x) =   0.8985[] 
 []


Overfull \hbox (9.7575pt too wide) in paragraph at lines 619--619
[]\OT1/cmtt/m/n/12 s(3D/3D) =  1.000000  <r> =   1.6171  <r2> =    3.5729  r(ma
x) =   0.9811[] 
 []


Overfull \hbox (9.7575pt too wide) in paragraph at lines 619--619
[]\OT1/cmtt/m/n/12 s(4S/4S) =  1.000000  <r> =   3.5138  <r2> =   14.2491  r(ma
x) =   2.9123[] 
 []


Overfull \hbox (9.7575pt too wide) in paragraph at lines 619--619
[]\OT1/cmtt/m/n/12 s(4P/4P) =  1.000000  <r> =   4.8653  <r2> =   27.9369  r(ma
x) =   3.8227[] 
 []

[11] [12] [13]
Overfull \hbox (22.87267pt too wide) in paragraph at lines 731--737
\OT1/cmr/m/n/12 Kohn-Sham or-bitals. Log-a-rith-mic deriva-tives are writ-ten t
o files \OT1/cmtt/m/n/12 ld1.dlog \OT1/cmr/m/n/12 and \OT1/cmtt/m/n/12 ld1ps.dl
og\OT1/cmr/m/n/12 ,
 []


Overfull \hbox (15.93251pt too wide) in paragraph at lines 741--741
[]\OT1/cmtt/m/n/12 plot [-2:2][-20:20] 'ld1.dlog' u 1:2 w l lt 1, 'ld1.dlog' u 
1:3 w l lt 2,\[] 
 []


Overfull \hbox (9.7575pt too wide) in paragraph at lines 741--741
[]                    \OT1/cmtt/m/n/12 'ld1.dlog' u 1:4 w l lt 3, 'ld1ps.dlog' 
u 1:2 lt 1, \[] 
 []

<pseudo-gen-fig1.pdf, id=55, 794.97pt x 614.295pt>
File: pseudo-gen-fig1.pdf Graphic file (type pdf)
 <use pseudo-gen-fig1.pdf>
Package pdftex.def Info: pseudo-gen-fig1.pdf used on input line 755.
(pdftex.def)             Requested size: 213.39566pt x 164.89641pt.

<pseudo-gen-fig2.pdf, id=56, 794.97pt x 614.295pt>
File: pseudo-gen-fig2.pdf Graphic file (type pdf)
 <use pseudo-gen-fig2.pdf>
Package pdftex.def Info: pseudo-gen-fig2.pdf used on input line 756.
(pdftex.def)             Requested size: 213.39566pt x 164.89641pt.

Overfull \hbox (6.0095pt too wide) in paragraph at lines 755--757
[][] [] 
 []

[14 <./pseudo-gen-fig1.pdf, page is rotated 90 degrees> <./pseudo-gen-fig2.pdf,
 page is rotated 90 degrees>] [15] [16] [17]
<pseudo-gen-fig3.pdf, id=76, 794.97pt x 614.295pt>
File: pseudo-gen-fig3.pdf Graphic file (type pdf)
 <use pseudo-gen-fig3.pdf>
Package pdftex.def Info: pseudo-gen-fig3.pdf used on input line 984.
(pdftex.def)             Requested size: 213.39566pt x 164.89641pt.

<pseudo-gen-fig4.pdf, id=77, 794.97pt x 614.295pt>
File: pseudo-gen-fig4.pdf Graphic file (type pdf)
 <use pseudo-gen-fig4.pdf>
Package pdftex.def Info: pseudo-gen-fig4.pdf used on input line 985.
(pdftex.def)             Requested size: 213.39566pt x 164.89641pt.

Overfull \hbox (6.0095pt too wide) in paragraph at lines 984--986
[][] [] 
 []

[18] [19 <./pseudo-gen-fig3.pdf, page is rotated 90 degrees> <./pseudo-gen-fig4
.pdf, page is rotated 90 degrees>]
Overfull \hbox (28.28252pt too wide) in paragraph at lines 1084--1084
[]     \OT1/cmtt/m/n/12 WARNING! Expected number of nodes: 0 = 2-1-1, number of
 nodes found: 1.[] 
 []

[20] [21] [22] [23] [24] [25] [26] [27] [28] (./pseudo-gen.aux)

LaTeX Warning: Label(s) may have changed. Rerun to get cross-references right.

 ) 
Here is how much of TeX's memory you used:
 1870 strings out of 495028
 25708 string characters out of 6181497
 83841 words of memory out of 5000000
 5056 multiletter control sequences out of 15000+600000
 15002 words of font info for 58 fonts, out of 8000000 for 9000
 14 hyphenation exceptions out of 8191
 37i,9n,26p,239b,234s stack positions out of 5000i,500n,10000p,200000b,80000s
</usr/share/texlive/texmf-dist/fonts/type1/public/amsfonts/cm/cmbx12.pfb></us
r/share/texlive/texmf-dist/fonts/type1/public/amsfonts/cm/cmcsc10.pfb></usr/sha
re/texlive/texmf-dist/fonts/type1/public/amsfonts/cm/cmex10.pfb></usr/share/tex
live/texmf-dist/fonts/type1/public/amsfonts/cm/cmmi10.pfb></usr/share/texlive/t
exmf-dist/fonts/type1/public/amsfonts/cm/cmmi12.pfb></usr/share/texlive/texmf-d
ist/fonts/type1/public/amsfonts/cm/cmmi6.pfb></usr/share/texlive/texmf-dist/fon
ts/type1/public/amsfonts/cm/cmmi8.pfb></usr/share/texlive/texmf-dist/fonts/type
1/public/amsfonts/cm/cmr10.pfb></usr/share/texlive/texmf-dist/fonts/type1/publi
c/amsfonts/cm/cmr12.pfb></usr/share/texlive/texmf-dist/fonts/type1/public/amsfo
nts/cm/cmr17.pfb></usr/share/texlive/texmf-dist/fonts/type1/public/amsfonts/cm/
cmr7.pfb></usr/share/texlive/texmf-dist/fonts/type1/public/amsfonts/cm/cmr8.pfb
></usr/share/texlive/texmf-dist/fonts/type1/public/amsfonts/cm/cmsy10.pfb></usr
/share/texlive/texmf-dist/fonts/type1/public/amsfonts/cm/cmsy8.pfb></usr/share/
texlive/texmf-dist/fonts/type1/public/amsfonts/cm/cmti12.pfb></usr/share/texliv
e/texmf-dist/fonts/type1/public/amsfonts/cm/cmtt12.pfb></usr/share/texlive/texm
f-dist/fonts/type1/public/amsfonts/symbols/msbm10.pfb>
Output written on pseudo-gen.pdf (28 pages, 394917 bytes).
PDF statistics:
 175 PDF objects out of 1000 (max. 8388607)
 122 compressed objects within 2 object streams
 0 named destinations out of 1000 (max. 500000)
 21 words of extra memory for PDF output out of 10000 (max. 10000000)

